[    0.000000] Linux version 4.15.0-36-generic (buildd@lgw01-amd64-031) (gcc version 7.3.0 (Ubuntu 7.3.0-16ubuntu3)) #39-Ubuntu SMP Mon Sep 24 16:19:09 UTC 2018 (Ubuntu 4.15.0-36.39-generic 4.15.18)
[    0.000000] Command line: BOOT_IMAGE=/boot/vmlinuz-4.15.0-36-generic root=LABEL=cloudimg-rootfs ro console=tty1 console=ttyS0
[    0.000000] KERNEL supported cpus:
[    0.000000]   Intel GenuineIntel
[    0.000000]   AMD AuthenticAMD
[    0.000000]   Centaur CentaurHauls
[    0.000000] x86/fpu: Supporting XSAVE feature 0x001: 'x87 floatin point registers'
[    0.000000] x86/pu: Supporting XSAVE feature 0x002: 'SSE registers'
[    0.000000] x86/fpu: Enabled xstate features 0x3, context size is 576 bytes, using 'standar' format.
[    0.000000] e82: BIOS-provided physical RAM map:
[    0.000000] BIOS-e820: [mem 0x0000000000000000-0x000000000009fbff] usable
[    0.000000] BIOS-e820: [mem 0x000000000009fc00-0x000000000009ffff] reserved
[    0.000000] BIOS-e820: [mem 0x00000000000f0000-0x00000000000fffff] reserved
[    0.000000] BIOS-e820: [mem 0x0000000000100000-0x000000003ffeffff] usable
[    0.000000] BIOS-e820: [mem 0x000000003fff0000-0x000000003fffffff] ACPI data
[    0.000000] BIOS-e820: [mem 0x00000000fec00000-0x00000000fec00fff] reserved
[    0.000000 BIOS-820: [mem 0x00000000fee00000-0x00000000fee00fff] reserved
[   0.000000] BIOS-e820: [mem 0x00000000fffc0000-0x00000000ffffffff] reserved
[    0.000000] NX (Execute Disable) protection: active
[    0.000000] SMBIOS 2.5 present.
[    0.000000] DMI: innotek GmbH VirtualBox/VirtualBox, BIOS VirtualBox 12/01/2006
[    0.000000] Hypervisor detected: KVM
[    0.000000] e820: last_pfn = 0x3fff0 max_arch_pfn = 0x400000000
[    0.000000] MTRR: Disabled
[    0.000000] x86/PAT: MTRRs disabled, skipping PAT initialization too.
[    0.000000] CPU MTRRs all blank - virtualized system.
[    0.000000] x86/PAT: Configuration [0-7]: WB  WT  UC- UC  WB  WT  UC- UC  
[    0.000000] found SMP MP-table at [mem 0x0009fff0-0x0009ffff] mapped at [        (ptrval)]
[    0.000000] Scanning 1 areas for low memory corruption
[    0.000000] RAMDISK: [mem 0x35ae3000-0x36d68fff]
[    0.000000] ACPI: Early table checksum verification disabled
[    0.000000] ACPI: RSDP 0x00000000000E0000 000024 (v02 VBOX  )
[    0.000000] ACPI: XSDT 0000000003FFF0030 00003C (v01 VBOX   VBOXXSDT 00000001 ASL  00000061)
[    0.000000] ACPI: FACP 0x000000003FFF00F0 0000F4 (v04 VBOX   VBOXFACP 00000001 ASL  00000061)
[    0.000000] ACPI: DSDT 0x000000003FFF0470 0021FF (v02 VBOX   VBOXBIOS 00000002 INTL 20180105)
[    0.000000] CPI: FACS 0x000000003FFF0200 000040
[    0.000000] ACPI: FACS 0x000000003FFF0200 000040
[    0.000000] ACPI: APIC 0x000000003FFF0240 00005C (v02 VBOX   VBOXAPIC 00000001 ASL  00000061)
[    0.000000] ACPI: SSDT 0x000000003FFF02A0 0001CC (v01 VBOX   VBOXCPUT 00000002 INTL 20180105)
[    0.000000] No NUMA configuration found
[    0.000000] Faking a node at [mem 0x0000000000000000-0x000000003ffeffff]
[    0.000000] NODE_DATA(0) allocated [mem 0x3ffc50000x3ffeffff]
[    0.000000] kvm-clock: cpu 0, msr 0:3ff44001, primary cpu clock
[    0.000000] kvm-clock: Using msrs 4b564d01 and 4b564d00
[    0.000000] kvm-clock: using sched offset of 4198631909 cycles
[    0.000000] clocksource: kvm-clock: mask: 0xffffffffffffffff max_cycles: 0x1cd42e4dffb, max_idle_ns: 881590591483 ns
[    0.000000] Zone ranges:
[    0.000000]   DMA      [mem 0x0000000000001000-0x0000000000ffffff]
[    0.000000]   DMA32    [mem 0x0000000001000000-0x000000003ffeffff]
[    0.000000]   Normal   empty
[    0.000000]   Device   empty
[    0.000000] Movable zone start for each node
[    0.000000] Early memory node ranges
[    0.000000]   node   0: [mem 0x0000000000001000-0x000000000009efff]
[    0.000000]   node   0: [mem 0x0000000000100000-0x000000003ffeffff]
[    0.000000] Initmem setup node 0 [mem 0x0000000000001000-0x000000003ffeffff]
[    0.000000] Reserved but unavailable: 98 pages
[    0.000000] ACPI: PM-Timer IO Port: 0x4008
[    0.000000] IOAPIC[0]: apic_id 2, version 32, address 0xfec00000, GSI 0-23
[    0.000000] ACPI: INT_SRC_OVR (bus 0 bus_irq 0 global_irq 2 dfl dfl)
[    0.000000] ACPI: INT_SRC_OVR (bus 0 bus_irq 9 global_irq 9 low level)
[    0.000000] Using ACPI (MADT) for SMP configuration information
[    0.000000]smpboot: Allowing 2 CPUs, 0 hotplug CPUs
[    0.000000] PM: Registered nosave memory: [mem 0x00000000-0x00000fff]
[    0.000000] PM: Registered nosave memory: [mem 0x0009f000-0x0009ffff]
[    0.000000] PM: Registered nosave memory: [mem 0x000a0000-0x000effff]
[    .000000] PM: Registered nosave memory: [mem 0x000f0000-0x000fffff]
[    0.000000] e820: [mem 0x400000000xfebfffff] available for PCI devices
[    0.000000] Booting paravirtualized kernel on KVM
[    0.000000] clocksource: refined-jiffies: mask: 0xffffffff max_cycles: 0xffffffff, max_idle_ns: 7645519600211568 ns
[    0.000000] random: get_random_bytes called from start_kernel+0x99/0x4fd with crng_init=0
[    0.00000] setu_percpu: NR_CPUS:8192 nr_cpumask_bits:2 nr_cpuids:2 nr_node_ids:1
[    0.000000] percpu: Embedded 46 pages/cpu @        (ptrval) s151552 r812 d28672 u1048576
    0.00000] PV qspinlock hash table entries: 256 (order: 0,4096 byes)
[    0.000000] Built 1 zonelists, mobility gruping on.  Total pages: 257913
[    0.000000] Policy zoe: DMA32
[    0.000000] Kernel command line: BOOT_IMAGE=/boot/vmlinuz-4.15.0-36-generic root=LABEL=cloudimg-rootfs ro console=tty1console=ttyS0
[    0.000000] Memory: 983616K/1048120K available (12300K kernel code, 2472K rwdata, 4248K rodata, 240K init, 2416K bss, 64504K reserved, 0K cma-reserved)
[    0.000000] SLUB: HWalign=64, Order=0-3, MinObjects=0, CPUs=2, Nodes=1
[    0.000000] Kernel/User page tables isolation: enabled
[    0.000000] ftrace: allocating 39168 entries in 154 pages
[    0.004000] Hierarchical RCU implementation.
[    0.004000] 	RCU restricting CPUs from NR_CPUS=8192 to nr_cpu_ids=2.
[    0.004000] 	Tasks RCU enabled.
[    0.004000] RCU: Adjusting geometry for rcu_fanout_leaf=16, nr_cpu_ids=2
[    0.004000] NR_IRQS: 524544, nr_irqs: 440, preallocated irqs: 16
[    0.004000] Console: colour VGA+ 80x25
[    0.004000] console [tty1] enabled
[    0.004000] console [ttyS0] enabled
[    0.004000] ACPI: Core revision 20170831
[    0.004000] ACPI: 2 ACPI AML tables successfully acquired and loaded
[    0.004000] APIC: Switch to symmetric I/O mode setup
[    0.004000] x2apic enabled
[    0.004020] Switched APIC routing to physical x2apic.
[    0.009017] ..TIMER: vector=0x30 apic1=0 pin1=2 apic2=-1 pin2=-1
[    0.012016] tsc: Detected 1497.599 MHz processor
[    0.016024] Calibrating delay loop (skipped) preset value.. 2995.19 BogoMIPS (lpj=5990396)
[    0.020019] pid_max: default: 32768 minimum: 301
[    0.021757] Security Framework initialized
[    0.024018] Yama: becoming mindful.
[    0.028083] AppArmor: AppArmor initialized
[    0.032084] Dentry cache hash table entries: 131072 (order: 8, 1048576 bytes)
[    0.036164] Inode-cache hash table entries: 65536 (order: 7, 524288 bytes)
[    0.040066] Mount-cache hash table entries: 2048 (order: 2, 16384 bytes)
[    0.042347] Mountpoint-cache hash table entries: 2048 (order: 2, 16384 bytes)
[    0.044682] mce: CPU supports 0 MCE banks
[    0.046124] Last level iTLB entries: 4KB 0, 2MB 0, 4MB 0
[    0.048015] Last level dTLB entries: 4KB 0, 2MB 0, 4MB 0, 1GB 0
[    0.052017] Spectre V2 : Mitigation: Full generic retpoline
[    0.056014] Spectre V2 : Spectre v2 / SpectreRSB mitigation: Filling RSB on context switch
[    0.060015] Speculative Store Bypass: Vulnerable
[    0.064265] Freeing SMP alternatives memory: 36K
[    0.072000] smpboot: CPU0: Intel(R) Celeron(R) J4105 CPU @ 1.50GHz (family: 0x6, model: 0x7a, stepping: 0x1)
[    0.072199] Performance Events: unsupported p6 CPU model 122 no PMU driver, software events only.
[    0.076178] Hierarchical SRCU implementation.
[    0.081095] NMI watchdog: Perf event create on CPU 0 failed with -2
[    0.084031] NMI watchdog: Perf NMI watchdog permanently disabled
[    0.088178] smp: Bringing up secondary CPUs ...
[    0.092318] x86: Booting SMP configuration:
[    0.096022] .... node  #0, CPUs:      #1
[    0.004000] kvm-clock: cpu 1, msr 0:3ff44041, secondary cpu clock
[    0.004000] mce: CPU supports 0 MCE banks
[    0.236063] smp: Brought up 1 node, 2 CPUs
[    0.240031] smpboot: Max logical packages: 1
[    0.244025] smpboot: Total of 2 processors activated (5990.39 BogoMIPS)
[    0.249479] devtmpfs: initialized
[    0.252154] x86/mm: Memory block size: 128MB
[    0.256350] evm: security.selinux
[    0.260019] evm: security.SMACK64
[    0.263011] evm: security.SMACK64EXEC
[    0.264021] evm: security.SMACK64TRANSMUTE
[    0.268011] evm: security.SMACK64MMAP
[    0.272013] evm: security.apparmor
[    0.276014] evm: security.ima
[    0.280010] evm: security.capability
[    0.288254] clocksource: jiffies: mask: 0xffffffff max_cycles: 0xffffffff, max_idle_ns: 7645041785100000 ns
[    0.292048] futex hash table entries: 512 (order: 3, 32768 bytes)
[    0.296205] pinctrl core: initialized pinctrl subsystem
[    0.304338] RTC time: 17:29:52, date: 01/04/19
[    0.308536] NET: Registered protocol family 16
[    0.312207] audit: initializing netlink subsys (disabled)
[    0.316141] audit: type=2000 audit(1546622994.878:1): state=initialized audit_enabled=0 res=1
[    0.328026] cpuidle: using governor ladder
[    0.332046] cpuidle: using governor menu
[    0.336137] ACPI: bus type PCI registered
[    0.337487] acpiphp: ACPI Hot Plug PCI Controller Driver version: 0.5
[    0.340282] PCI: Using configuration type 1 for base access
[    0.345363] HugeTLB registered 2.00 MiB page size, pre-allocated 0 pages
[    0.352044] ACPI: Added _OSI(Module Device)
[    0.353505] ACPI: Added _OSI(Processor Device)
[    0.356026] ACPI: Added _OSI(3.0 _SCP Extensions)
[    0.357806] ACPI: Added _OSI(Processor Aggregator Device)
[    0.364034] ACPI: Added _OSI(Linux-Dell-Video)
[    0.367587] ACPI: Added _OSI(Linux-Lenovo-NV-HDMI-Audio)
[    0.368593] ACPI: Executed 1 blocks of module-level executable AML code
[    0.380520] ACPI: Interpreter enabled
[    0.382136] ACPI: (supports S0 S5)
[    0.383469] ACPI: Using IOAPIC for interrupt routing
[    0.384629] PCI: Using host bridge windows from ACPI; if necessary, use "pci=nocrs" and report a bug
[    0.388411] ACPI: Enabled 2 GPEs in block 00 to 07
[    0.407770] ACPI: PCI Root Bridge [PCI0] (domain 0000 [bus 00-ff])
[    0.408044] acpi PNP0A03:00: _OSC: OS supports [ASPM ClockPM Segments MSI]
[    0.412114] acpi PNP0A03:00: _OSC: not requesting OS control; OS requires [ExtendedConfig ASPM ClockPM MSI]
[    0.416063] acpi PNP0A03:00: fail to add MMCONFIG information, can't access extended PCI configuration space under this bridge.
[    0.420778] PCI host bridge to bus 0000:00
[    0.424028] pci_bus 0000:00: root bus resource [io  0x0000-0x0cf7 window]
[    0.428029] pci_bus 0000:00: root bus resource [io  0x0d00-0xffff window]
[    0.432022] pci_bus 0000:00: root bus resource [mem 0x000a0000-0x000bffff window]
[    0.435790] pci_bus 0000:00: root bus resource [mem 0x40000000-0xfdffffff window]
[    0.436025] pci_bus 0000:00: root bus resource [bus 00-ff]
[    0.448628] pci 0000:00:01.1: legacy IDE quirk: reg 0x10: [io  0x01f0-0x01f7]
[    0.452023] pci 0000:00:01.1: legacy IDE quirk: reg 0x14: [io  0x03f6]
[    0.456030] pci 0000:00:01.1: legacy IDE quirk: reg 0x18: [io  0x0170-0x0177]
[    0.460024] pci 0000:00:01.1: legacy IDE quirk: reg 0x1c: [io  0x0376]
[    0.512868] pci 0000:00:07.0: quirk: [io  0x4000-0x403f] claimed by PIIX4 ACPI
[    0.516052] pci 0000:00:07.0: quirk: [io  0x4100-0x410f] claimed by PIIX4 SMB
[    0.555471] ACPI: PCI Interrupt Link [LNKA] (IRQs 5 9 10 *11)
[    0.556856] ACPI: PCI Interrupt Link [LNKB] (IRQs 5 9 *10 11)
[    0.564193] ACPI: PCI Interrupt Link [LNKC] (IRQs 5 *9 10 11)
[    0.568217] ACPI: PCI Interrupt Link [LNKD] (IRQs 5 9 10 *11)
[    0.573052] SCSI subsystem initialized
[    0.576212] pci 0000:00:02.0: vgaarb: setting as boot VGA device
[    0.580000] pci 0000:00:02.0: vgaarb: VGA device added: decodes=io+mem,owns=io+mem,locks=none
[    0.580027] pci 0000:00:02.0: vgaarb: bridge control possible
[    0.584024] vgaarb: loaded
[    0.588110] ACPI: bus type USB registered
[    0.592113] usbcore: registered new interface driver usbfs
[    0.600063] usbcore: registered new interface driver hub
[    0.604131] usbcore: registered new device driver usb
[    0.608218] EDAC MC: Ver: 3.0.0
[    0.612471] PCI: Using ACPI for IRQ routing
[    0.615442] NetLabel: Initializing
[    0.616024] NetLabel:  domain hash size = 128
[    0.620013] NetLabel:  protocols = UNLABELED CIPSOv4 CALIPSO
[    0.624073] NetLabel:  unlabeled traffic allowed by default
[    0.628179] clocksource: Switched to clocksource kvm-clock
[    0.664812] VFS: Disk quotas dquot_6.6.0
[    0.668227] VFS: Dquot-cache hash table entries: 512 (order 0,4096bytes)
[    0.767000] AppArr: ppAmor Fileysm Enabled
[    1.087311] pnp: PnP ACPI init
[    1.095863] pnp: PnP ACPI: found 3 devices
[   1.111736] clksource: acpi_pm: mask: 0xffffff max_cycles: 0xffffff, mx_ile_: 8571024 ns
[   1525972] NT:Reistered procol family 2

[    1.827019] TCP established hash table entries: 8192 (orde 4, 65536 bytes)
[    1.955191] TCP bind hash table entries: 8192 (order: 5, 131072 bytes)
[    1.979 T: Hash tables configured (established 8192 bind 8192)
[    2.219028] UDP hash table entries: 512 (order: 2, 16384 bytes)
[    2.223910] UDP-Lite hash table entries: 512 (order: 2, 16384 bytes)
[    2.22883] NE: Registered protocol family 1
  .31243] pci 0000:00:00.0: Limiting direct PCI/PCI transfers
[  2.523224] pci 0000:00:01.0: Activating ISA DMA hang workaround
[   2.686103] pci 00:0002.0: Video device with shadowed ROM at [mem 0x000c0000-0x000dffff]
[    2.850865] Unpacking initramfs...

[    3.249805] Freeing initrd memory: 18968K
[    3.258834] platform rtc_cmos: registered platform RTC device (no PNP device found)
[    3.262982] Scanning for low memory corruption every 60 seconds
[    3.316327] Initialise system trusted keyrings
[    3.349245] Key type blacklist registered
[    3.353429] workingset: timestamp_bits=36 max_order=18 bucket_order=0
[    3.363616] zbud: loaded
[    3.390316] squashfs: version 4.0 (2009/01/31) Phillip Lougher
[    3.401646] fuse init (API version 7.26)
[    3.422483] Key type asymmetric registered
[    3.473335] Asymmetric key parser 'x509' registered
[    3.539324] Block layer SCSI generic (bsg) driver version 0.4 loaded (major 246)
[    3.545742] io scheduler noop registered
[    3.556136] io scheduler deadline registered
[    3.588845] io scheduler cfq registered (default)
[    3.596746] ACPI: AC Adapter [AC] (off-line)
[    3.605447] input: Power Button as /devices/LNXSYSTM:00/LNXPWRBN:00/input/input0
[    3.634610] ACPI: Power Button [PWRF]
[    3.649765] input: Sleep Button as /devices/LNXSYSTM:00/LNXSLPBN:00/input/input1
[    3.667071] ACPI: Sleep Button [SLPF]
[    3.674668] Serial: 8250/16550 driver, 32 ports, IRQ sharing enabled
[    3.701061] 00:02: ttyS0 at I/O 0x3f8 (irq = 4, base_baud = 115200) is a 16550A
[  3.7143] Linux agpgart interface v0.103

[    3.902947] loop: module loaded
[    3.953904] scsi host0: ata_piix
[    3.962565] scsi host1: ata_piix
[    3.964312] ata1: PATA max UDMA/33 cmd 0x1f0 ctl 0x3f6 bmdma 0xd000 irq 14
[    3.972319] ata2: PATA max UDMA/33 cmd 0x170 ctl 0x376 bmdma 0xd008 irq 15
[    3.986032] libphy: Fixed MDIO Bus: probed
[    3.987807] tun: Universal TUN/TAP device driver, 1.6
[    4.002308] PPP generic driver version 2.4.2
[    4.011295] ehci_hcd: USB 2.0 'Enhanced' Host Controller (EHCI) Driver
[    4.046606] ehci-pci: EHCI PCI platform driver
[    4.060854] ehci-platform: EHCI generic platform driver
[    4.075250] ohci_hcd: USB 1.1 'Open' Host Controller (OHCI) Driver
[    4.077883] ohci-pci: OHCI PCI platform driver
[    4.080375] ohci-platform: OHCI generic platform driver
[    4.082547] uhci_hcd: USB Universal Host Controller Interface driver
[    4.097893] i8042: PNP: PS/2 Controller [PNP0303:PS2K,PNP0f03:PS2M] at 0x60,0x64 irq 1,12
[    4.127190] serio: i8042 KBD port at 0x60,0x64 irq 1
[    4.149909] serio: i8042 AUX port at 0x60,0x64 irq 12
[    4.152878] mousedev: PS/2 mouse device common for all mice
[    4.166663] rtc_cmos rtc_cmos: rtc core: registered rtc_cmos as rtc0
[    4.195403] input: AT Translated Set 2 keyboard as /devices/platform/i8042/serio0/input/input2
[    4.200372] rtc_cmos rtc_cmos: alarms up to one day, 114 bytes nvram
[    4.200414] i2c /dev entries driver
[    4.200440] pcie_mp2_amd: AMD(R) PCI-E MP2 Communication Driver Version: 1.0
[    4.200617] device-mapper: uevent: version 1.0.3
[    4.252741] device-mapper: ioctl: 4.37.0-ioctl (2017-09-20) initialised: dm-devel@redhat.com
[    4.358482] ledtrig-cpu: registered to indicate activity on CPUs
[    4.368802] tsc: Refined TSC clocksource calibration: 1497.859 MHz
[    4.368817] clocksource: tsc: mask: 0xffffffffffffffff max_cycles: 0x15973c26eb9, max_idle_ns: 440795264270 ns
[    4.412176] NET: Registered protocol family 10
[    4.458260] Segment Routing with IPv6
[    4.475673] NET: Registered protocol family 17
[    4.489665] Key type dns_resolver registered
[    4.500267] RAS: Correctable Errors collector initialized.
[    4.539669] sched_clock: Marking stable (4539546952, 0)->(8376889498, -3837342546)
[    4.548403] registered taskstats version 1
[    4.588585] Loading compiled-in X.509 certificates
[    4.611852] Loaded X.509 cert 'Build time autogenerated kernel key: fcd93cd0852f7ae1da10896371e06e3c19479c00'
[    4.618408] zswap: loaded using pool lzo/zbud
[    4.642104] Key type big_key registered
[    4.675392] Key type trusted registered
[    4.710048] Key type encrypted registered
[    4.711667] AppArmor: AppArmor sha1 policy hashing enabled
[    4.818427] ima: No TPM chip found, activating TPM-bypass! (rc=-19)
[    4.839274] ima: Allocated hash algorithm: sha1
[    4.867789] evm: HMAC attrs: 0x1
[    4.869855]   Magic number: 3:996:490
[    4.887938] rtc_cmos rtc_cmos: setting system clock to 2019-01-04 17:29:57 UTC (1546622997)
[    4.937504] BIOS EDD facility v0.16 2004-Jun-25, 0 devices found
[    4.959022] EDD information not available.
[    5.060402] Freeing unused kernel memory: 2408K
[    5.140184] Write protecting the kernel read-only data: 20480k
[    5.143634] Freeing unused kernel memory: 2008K
[    5.151623] Freeing unused kernel memory: 1896K
[    5.168818] x86/mm: Checked W+X mappings: passed, no W+X pages found.
[    5.223696] x86/mm: Checking user space page tables
[    5.237353] x86/mm: Checked W+X mappings: passed, no W+X pages found.
Loading, please wait...
starting version 237
[    5.474534] Fusion MPT base driver 3.04.20
[    5.477967] Copyright (c) 1999-2008 LSI Corporation
[    5.512350] e1000: Intel(R) PRO/1000 Network Driver - version 7.3.21-k8-NAPI
[    5.518014] e1000: Copyright (c) 1999-2006 Intel Corporation.
[    5.575400] SSE version of gcm_enc/dec engaged.
[    5.627681] Fusion MPT SPI Host driver 3.04.20
[    5.758279] input: ImExPS/2 Generic Explorer Mouse as /devices/platform/i8042/serio1/input/input4
[    6.429389] e1000 0000:00:03.0 eth0: (PCI:33MHz:32-bit) 02:6c:c0:d7:41:26
[    6.956958] e1000 0000:00:03.0 eth0: Intel(R) PRO/1000 Network Connection
[    6.966176] mptbase: ioc0: Initiating bringup
[    7.157266] ioc0: LSI53C1030 A0: Capabilities={Initiator}
[    8.059842] scsi host2: ioc0: LSI53C1030 A0, FwRev=00000000h, Ports=1, MaxQ=256, IRQ=20
[    8.919296] scsi 2:0:0:0: Direct-Access     VBOX     HARDDISK         1.0  PQ: 0 ANSI: 5
[    9.003319] scsi target2:0:0: Beginning Domain Validation
[    9.042353] scsi target2:0:0: Domain Validation skipping write tests
[    9.045258] scsi target2:0:0: Ending Domain Validation
[    9.079034] scsi target2:0:0: asynchronous
[    9.088693] scsi 2:0:1:0: Direct-Access     VBOX     HARDDISK         1.0  PQ: 0 ANSI: 5
[    9.356956] scsi target2:0:1: Beginning Domain Validation
[    9.359535] random: fast init done
[    9.383134] scsi target2:0:1: Domain Validation skipping write tests
[    9.401398] e1000 0000:00:08.0 eth1: (PCI:33MHz:32-bit) 08:00:27:ee:b2:a4
[    9.401411] e1000 0000:00:08.0 eth1: Intel(R) PRO/1000 Network Connection
[    9.416263] scsi target2:0:1: Ending Domain Validation
[    9.416543] random: systemd-udevd: uninitialized urandom read (16 bytes read)
[    9.416575] random: systemd-udevd: uninitialized urandom read (16 bytes read)
[    9.416584] random: systemd-udevd: uninitialized urandom read (16 bytes read)
[    9.418722] e1000 0000:00:03.0 enp0s3: renamed from eth0
[    9.482660] scsi target2:0:1: asynchronous
[    9.492860] sd 2:0:0:0: Attached scsi generic sg0 type 0
[    9.501422] e1000 0000:00:08.0 enp0s8: renamed from eth1
[    9.528030] sd 2:0:0:0: [sda] 20971520 512-byte logical blocks: (10.7 GB/10.0 GiB)
[    9.528417] sd 2:0:1:0: Attached scsi generic sg1 type 0
[    9.528789] sd 2:0:1:0: [sdb] 20480 512-byte logical blocks: (10.5 MB/10.0 MiB)
[    9.528866] sd 2:0:1:0: [sdb] Write Protect is off
[    9.529025] sd 2:0:1:0: [sdb] Incomplete mode parameter data
[    9.529026] sd 2:0:1:0: [sdb] Assuming drive cache: write through
[    9.532438] sd 2:0:1:0: [sdb] Attached SCSI disk
[    9.659034] sd 2:0:0:0: [sda] Write Protect is off
[    9.710105] sd 2:0:0:0: [sda] Incomplete mode parameter data
[    9.738806] sd 2:0:0:0: [sda] Assuming drive cache: write through
[    9.753303]  sda: sda1
[    9.791425] sd 2:0:0:0: [sda] Attached SCSI disk
Begin: Loading essential drivers ... [   11.720410] raid6: sse2x1   gen()  3424 MB/s
[   11.769567] raid6: sse2x1   xor()  3166 MB/s
[   11.820464] raid6: sse2x2   gen()  5636 MB/s
[   11.906879] raid6: sse2x2   xor()  3810 MB/s
[   11.976870] raid6: sse2x4   gen()  7988 MB/s
[   12.068155] raid6: sse2x4   xor()  1841 MB/s
[   12.098296] raid6: using algorithm sse2x4 gen() 7988 MB/s
[   12.100143] raid6: .... xor() 1841 MB/s, rmw enabled
[   12.129635] raid6: using ssse3x2 recovery algorithm
[   12.135734] xor: measuring software checksum speed
[   12.192111]    prefetch64-sse: 10933.000 MB/sec
[   12.236134]    generic_sse: 15961.000 MB/sec
[   12.243411] xor: using function: generic_sse (15961.000 MB/sec)
[   12.249066] async_tx: api initialized (async)
done.
Begin: Running /scripts/init-premount ... done.
Begin: Mounting root file system ... Begin: Running /scripts/local-top ... done.
Begin: Running /scripts/local-premount ... [   12.377348] Btrfs loaded, crc32c=crc32c-intel
Scanning for Btrfs filesystems
done.
Warning: fsck not present, so sk[   12.474847] EXT4-fs (sda1): mounted filesystem with ordered data mode. Opts: (null)
ipping root file system
done.
Begin: Running /scripts/local-bottom ... done.
Begin: Running /scripts/init-bottom ... done.
[   12.826006] ip_tables: (C) 2000-2006 Netfilter Core Team
[   12.983626] systemd[1]: systemd 237 running in system mode. (+PAM +AUDIT +SELINUX +IMA +APPARMOR +SMACK +SYSVINIT +UTMP +LIBCRYPTSETUP +GCRYPT +GNUTLS +ACL +XZ +LZ4 +SECCOMP +BLKID +ELFUTILS +KMOD -IDN2 +IDN -PCRE2 default-hierarchy=hybrid)
[   12.993090] systemd[1]: Detected virtualization oracle.
[   12.995182] systemd[1]: Detected architecture x86-64.

Welcome to [1mUbuntu 18.04.1 LTS[0m!

[   13.041262] systemd[1]: Set hostname to <ubuntu>.
[   14.828775] systemd[1]: Initializing machine ID from random generator.
[   14.880671] systemd[1]: Installed transient /etc/machine-id file.
[   15.405917] systemd[1]: Set up automount Arbitrary Executable File Formats File System Automount Point.
[[0;32m  OK  [0m] Set up automount Arbitrary Executab…rmats File System Automount Point.
[   16.318091] systemd[1]: Reached target Swap.
[[0;32m  OK  [0m] Reached target Swap.
[   16.340821] systemd[1]: Reached target User and Group Name Lookups.
[[0;32m  OK  [0m] Reached target User and Group Name Lookups.
[   16.410316] systemd[1]: Reached target System Time Synchronized.
[[0;32m  OK  [0m] Reached target System Time Synchronized.
[[0;32m  OK  [0m] Started Forward Password Requests to Wall Directory Watch.
[[0;32m  OK  [0m] Created slice System Slice.
[[0;32m  OK  [0m] Listening on udev Kernel Socket.
[[0;32m  OK  [0m] Listening on Network Service Netlink Socket.
[[0;32m  OK  [0m] Listening on Syslog Socket.
[[0;32m  OK  [0m] Listening on LVM2 poll daemon socket.
[[0;32m  OK  [0m] Listening on Journal Socket.
         Starting Create list of required st…ce nodes for the current kernel...
         Starting Set the console keyboard layout...
         Mounting Kernel Debug File System...
         Starting Uncomplicated firewall...
         Mounting POSIX Message Queue File System...
         Starting Load Kernel Modules...
[[0;32m  OK  [0m] Listening on LVM2 metadata daemon socket.
[[0;32m  OK  [0m] Listening on [   16.832604] Loading iSCSI transport class v2.0-870.
udev Control Socket.
         Starting udev Coldplug all Devices...
[   16.852769] random: crng init done
[   16.854281] random: 7 urandom warning(s) missed due to ratelimiting
         Starting Remount Root and Kernel File Systems...
         Mounting Huge Pa[   16.920860] iscsi: registered transport (tcp)
ges File System...
[[0;32m  OK  [0m] Listening on /dev/initctl Compatibility Named Pipe.
[[0;32m  OK  [0m] Listening on Jou[   16.956343] EXT4-fs (sda1): re-mounted. Opts: (null)
rnal Socket (/dev/log).
[[0;32m  OK  [0m] Listening on Journal Audit Socket.
[[0;32m  OK  [0m] Created slice system-serial\x2dgetty.slice.
[[0;32m  OK  [0m] Listening on Device-mapper event daemon FIFOs.
         Starting Monitoring of LVM2 mirrors…ng dmeventd or progress polling...
         Starting Journal Service...
[[0;32m  OK  [0m] Created slice User and Session Slice.
[[0;32m  OK  [0m] Reached target Slices.
[[0;32m  OK  [0m] Started Create list of required sta…vice nodes for the current kernel.
[[0;32m  OK  [0m] Mounted Kernel Debug File System.
[[0;32m  OK  [0m] Started Uncomplicated firewall.
[[0;32m  OK  [0m] Mounted POSIX Message Queue File System.
[[0;32m  OK  [0m] Started Remount Root and Kernel File Systems.
[[0;32m  OK  [0m] Mounted Huge Pages File System.
[[0;32m  OK  [0m] Started LVM2 metadata daemon.[   17.162049] iscsi: registered transport (iser)

[   18.150840] systemd[1]: Starting Initial cloud-init job (pre-networking)...
         Starting Initial cloud-init job (pre-networking)...
[   18.234419] systemd[1]: Starting Load/Save Random Seed...
         Starting Load/Save Random Seed...
[   18.290932] systemd[1]: Starting Create Static Device Nodes in /dev...
         Starting Create Static Device Nodes in /dev...
[   18.302429] systemd[1]: Started Journal Service.
[[0;32m  OK  [0m] Started Journal Service.
[[0;32m  OK  [0m] Started Set the console keyboard layout.
[[0;32m  OK  [0m] Started Load Kernel Modules.
[[0;32m  OK  [0m] Started Monitoring of LVM2 mirrors,…sing dmeventd or progress polling.
[[0;32m  OK  [0m] Started udev Coldplug all Devices.
[[0;32m  OK  [0m] Started Load/Save Random Seed.
[[0;32m  OK  [0m] Started Create Static Device Nodes in /dev.
         Starting udev Kernel Device Manager...
         Mounting FUSE Control File System...
         Starting Apply Kernel Variables...
         Mounting Kernel Configuration File System...
[[0;32m  OK  [0m] Reached target Local File Systems (Pre).
[[0;32m  OK  [0m] Reached target Local File Systems.
         Starting Tell Plymouth To Write Out Runtime Data...
         Starting Commit a transient machine-id on disk...
         Starting AppArmor initialization...
         Starting Set console font and keymap...
         Starting ebtables ruleset management...
         Starting Flush Journal to Persistent Storage...
[[0;32m  OK  [0m] Started udev Kernel Device Manager.
[[0;32m  OK  [0m] Mounted FUSE Control File System.
[[0;32m  OK  [0m] Mounted Kernel Configuration File System.
[[0;32m  OK  [0m] Started Tell Plymouth To Write Out Runtime Data.
[[0;32m  OK  [0m] Started Set console font and keymap.
[[0;32m  OK  [0m] Started Dispatch Password Requests to Console Directory Watch.
[[0;32m  OK  [0m] Reached target Local Encrypted Volumes.
[[0;32m  OK  [0m] Started Apply Kernel Variables.
[[0;32m  OK  [0m] Started Commit a transient machine-id on disk.
[[0;32m  OK  [0m] Started Flush Journal to Persistent Storage.
         Starting Create Volatile Files and Directories...
[[0;32m  OK  [0m] Started ebtables ruleset management.
[[0;32m  OK  [0m] Started Create Volatile Files and Directories.
         Starting Update UTMP about System Boot/Shutdown...
[[0;32m  OK  [0m] Started Update UTMP about System Boot/Shutdown.
[[0;32m  OK  [0m] Found device /dev/ttyS0.
[[0;32m  OK  [0m] Listening on Load/Save RF Kill Switch Status /dev/rfkill Watch.
[[0;32m  OK  [0m] Started AppArmor initialization.
[   23.303966] cloud-init[418]: Cloud-init v. 18.3-9-g2e62cb8a-0ubuntu1~18.04.2 running 'init-local' at Fri, 04 Jan 2019 17:30:15 +0000. Up 22.54 seconds.
[[0;32m  OK  [0m] Started Initial cloud-init job (pre-networking).
[[0;32m  OK  [0m] Reached target Network (Pre).
         Starting Network Service...
[[0;32m  OK  [0m] Started Network Service.
         Starting Wait for Network to be Configured...
         Starting Network Name Resolution...
[[0;32m  OK  [0m] Started Network Name Resolution.
[[0;32m  OK  [0m] Reached target Host and Network Name Lookups.
[[0;32m  OK  [0m] Reached target Network.
[[0;32m  OK  [0m] Started Wait for Network to be Configured.
         Starting Initial cloud-init job (metadata service crawler)...
[   28.318928] cloud-init[637]: Cloud-init v. 18.3-9-g2e62cb8a-0ubuntu1~18.04.2 running 'init' at Fri, 04 Jan 2019 17:30:18 +0000. Up 25.94 seconds.
[   28.426260] cloud-init[637]: ci-info: ++++++++++++++++++++++++++++++++++++++Net device info+++++++++++++++++++++++++++++++++++++++
[   28.480643] cloud-init[637]: ci-info: +--------+-------+----------------------------+---------------+--------+-------------------+
[   28.491960] cloud-init[637]: ci-info: | Device |   Up  |          Address           |      Mask     | Scope  |     Hw-Address    |
[   28.497951] cloud-init[637]: ci-info: +--------+-------+----------------------------+---------------+--------+-------------------+
[[0;32m  OK  [0m] Started Initial cloud-init job (metadata service crawler).
[   28.505668] cloud-init[637]: ci-info: | enp0s3 |  True |         10.0.2.15          | 255.255.255.0 | global | 02:6c:c0:d7:41:26 |
[[0;32m  OK  [0m] Reached target System Initialization.
[[0;32m  OK  [0m] Started Daily Cleanup of Temporary Directories.
[   28.632077] cloud-init[637]: ci-info: | enp0s3 |  True | fe80::6c:c0ff:fed7:4126/64 |       .       |  link  | 02:6c:c0:d7:41:26 |
[   28.657681] cloud-init[637]: ci-info: | enp0s8 | False |             .              |       .       |   .    | 08:00:27:ee:b2:a4 |
[   28.699203] cloud-init[637]: ci-info: |   lo   |  True |         127.0.0.1          |   255.0.0.0   |  host  |         .         |
         Starting LXD - unix socket.
[[0;32m  OK  [0m] Listening on ACPID Listen Socket.
[   28.763156] cloud-init[637]: ci-info: |   lo   |  True |          ::1/128           |       .       |  host  |         .         |
[[0;32m  OK  [0m] Started Message of the Day.
[[0;32m  OK  [0m] Started Daily apt download activities.
[   28.854895] cloud-init[637]: ci-info: +--------+-------+----------------------------+---------------+--------+-------------------+
[   28.882009] cloud-init[637]: ci-info: ++++++++++++++++++++++++++++Route IPv4 info+++++++++++++++++++++++++++++
         Starting Socket activation for snappy daemon.
[[0;32m  OK  [0m] Started Discard unused blocks once a week.
[[0;32m  OK  [0m] Listening on UUID daemon activation socket.
[   28.905555] cloud-init[637]: ci-info: +-------+-------------+----------+-----------------+-----------+-------+
[[   28.956307] cloud-init[637]: ci-info: | Route | Destination | Gateway  |     Genmask     | Interface | Flags |
[   28.956528] cloud-init[637]: ci-info: +-------+-------------+----------+-----------------+-----------+-------+
[0;32m  OK  [0m] Started Daily apt upgrade and clean activities.
[   28.956787] cloud-init[637]: ci-info: |   0   |   0.0.0.0   | 10.0.2.2 |     0.0.0.0     |   enp0s3  |   UG  |
[[   29.070451] cloud-init[637]: ci-info: |   1   |   10.0.2.0  | 0.0.0.0  |  255.255.255.0  |   enp0s3  |   U   |
[   29.070727] cloud-init[637]: ci-info: |   2   |   10.0.2.2  | 0.0.0.0  | 255.255.255.255 |   enp0s3  |   UH  |
[0;32m  OK  [0m] Reached target Timers.
[   29.079069] cloud-init[637]: ci-info: +-------+-------------+----------+-----------------+-----------+-------+
[[0;32m  OK  [0m[   29.149244] ] cloud-initListening on Open-iSCSI iscsid Socket.[637]: 
ci-info: +++++++++++++++++++Route IPv6 info+++++++++++++++++++
[   29.296628] cloud-init[637]: ci-info: +-------+-------------+---------+-----------+-------+
[[0;32m  OK  [0m[   29.362110] ] cloud-initStarted ACPI Events Check.[637]: 
ci-info: | Route | Destination | Gateway | Interface | Flags |
[   29.383211] cloud-init[637]: ci-info: +-------+-------------+---------+-----------+-------+
[[0;32m  OK  [0m] Reached target Paths.
[   29.410866] cloud-init[637]: ci-info: |   1   |  fe80::/64  |    ::   |   enp0s3  |   U   |
[   29.423256] cloud-init[637]: ci-info: |   3   |    local    |    ::   |   enp0s3  |   U   |
[   29.423432] cloud-init[637]: ci-info: |   4   |   ff00::/8  |    ::   |   enp0s3  |   U   |
[   29.423571] cloud-init[637]: ci-info: +-------+-------------+---------+-----------+-------+
[   29.423694] cloud-init[637]: Generating public/private rsa key pair.
[   29.423827] cloud-init[637]: Your identification has been saved in /etc/ssh/ssh_host_rsa_key.
[   29.423960] cloud-init[637]: Your public key has been saved in /etc/ssh/ssh_host_rsa_key.pub.
[[0;32m  OK  [0m] Listening on D-Bus System Message Bus Socket.
[[0;32m  OK  [0m] Reached target Network is Online.
[   29.424117] cloud-init[637]: The key fingerprint is:
         Starting Availability of block devices...
[   29.616486] cloud-init[637]: SHA256:rnNPI4VUMuGlecfp+6Z4lewI6J9+GMkmSsowRSoG8Xg root@ubuntu-bionic
[[   29.660533] cloud-init[637]: The key's randomart image is:
[0;32m  OK  [0m[   29.660716] cloud-init[637]: +---[RSA 2048]----+
[   29.666182] cloud-init[637]: |..      +.o      |
[   29.669340] cloud-init[637]: |.o  .  . B . .   |
[   29.672053] cloud-init[637]: |o Eo    = . +    |
[   29.673056] cloud-init[637]: |.o. .  . o o     |
[   29.677543] cloud-init[637]: |.. .    So.... . |
[   29.677771] cloud-init[637]: |  o   ..o.*  .+  |
[   29.677913] cloud-init[637]: |   + o oooo+.+   |
[   29.678057] cloud-init[637]: |    o o.oo.++.o  |
[   29.678181] cloud-init[637]: |      .o +*o.o.  |
[   29.678303] cloud-init[637]: +----[SHA256]-----+
[   29.678427] cloud-init[637]: Generating public/private dsa key pair.
[   29.678563] cloud-init[637]: Your identification has been saved in /etc/ssh/ssh_host_dsa_key.
[   29.678689] cloud-init[637]: Your public key has been saved in /etc/ssh/ssh_host_dsa_key.pub.
[   29.678813] cloud-init[637]: The key fingerprint is:
[   29.678935] cloud-init[637]: SHA256:1iTaHQFctP20guDR0Zl6i3u9ePFU5F+usB6gUrBOe3c root@ubuntu-bionic
[   29.679077] cloud-init[637]: The key's randomart image is:
[   29.679202] cloud-init[637]: +---[DSA 1024]----+
[   29.679336] cloud-init[637]: |       ..+=. o   |
[   29.679472] cloud-init[637]: |        .. =+   .|
[   29.679622] cloud-init[637]: |      . + =.. .o |
[   29.679753] cloud-init[637]: |       * B.o.o .+|
[   29.679887] cloud-init[637]: |      + S =o..o.+|
[   29.680020] cloud-init[637]: |     o + ...o.. +|
[   29.680161] cloud-init[637]: |      + o ..E+ = |
[   29.680295] cloud-init[637]: |       o ...oo+ .|
[   29.680417] cloud-init[637]: |           oo... |
] Reached target Remote File Systems (Pre).[   29.680620] 
cloud-init[637]: +----[SHA256]-----+
[   29.683161] cloud-init[637]: Generating public/private ecdsa key pair.
[[   30.200570] cloud-init[637]: Your identification has been saved in /etc/ssh/ssh_host_ecdsa_key.
[0;32m  OK  [0m[   30.200809] ] cloud-initReached target Remote File Systems.[637]: 
Your public key has been saved in /etc/ssh/ssh_host_ecdsa_key.pub.
[[0;32m  OK  [0m[   30.371820] cloud-init[637]: The key fingerprint is:
[   30.373051] cloud-init[637]: SHA256:FXQCnVvWWvlc2vXIrIz6jHPyOXS5Q26hcItbFpQMRD4 root@ubuntu-bionic
[   30.374630] cloud-init[637]: The key's randomart image is:
[   30.375114] cloud-init[637]: +---[ECDSA 256]---+
] Reached target Cloud-config availability.
[   30.375781] cloud-init[637]: |       o=++... . |
[[0;32m  OK  [0m] Listening on LXD - unix socket.
[   30.512352] cloud-init[637]: |       . oo=o + o|
[[0;32m  OK  [0m[   30.557317] cloud-init[637]: |        E =+ = *+|
[   30.558868] cloud-init[637]: |         +. . = =|
[   30.561728] cloud-init[637]: |        S .o o   |
] Listening on Socket activation for snappy daemon.
[   30.567350] cloud-init[637]: |        . +.B    |
[   30.615584] cloud-init[637]: |         *o* o   |
[   30.636176] cloud-init[637]: |        ===.=    |
[   30.673838] cloud-init[637]: |        oB=o .   |
[   30.689776] cloud-init[637]: +----[SHA256]-----+
[   30.701181] cloud-init[637]: Generating public/private ed25519 key pair.
[   30.711794] cloud-init[637]: Your identification has been saved in /etc/ssh/ssh_host_ed25519_key.
[[0;32m  OK  [0m] Started Availability of block devices.
[[0;32m  OK  [0m] Reached target Sockets.
[   30.768260] [[0;32m  OK  [0m] Reached target Basic System.
cloud-init[637]: Your public key has been saved in /etc/ssh/ssh_host_ed25519_key.pub.
[   30.864155] cloud-init[637]: The key fingerprint is:
[   30.866786] cloud-init[637]: SHA256:FlCTUmIxkaIDOOM2Sp4ndYp+Bpck56hGpK9QeFiq9LU root@ubuntu-bionic
         Starting Virtualbox guest utils...
[   30.914652] cloud-init[637]: The key's randomart image is:
         Starting Login Service...
         Starting LSB: Record successful boot for GRUB...
[   30.929899] cloud-init[637]: +--[ED25519 256]--+
[   31.037781] cloud-init[637]: |.     B*+.       |
         [   31.086955] cloud-init[637]: |=   ..o+..       |
[   31.087101] cloud-init[637]: |.+.. . ..        |
[   31.087257] cloud-init[637]: | %o+ .   .       |
[   31.087384] cloud-init[637]: |@.&.+.  S        |
[   31.087522] cloud-init[637]: |=@.*. ..         |
[   31.087657] cloud-init[637]: |*.=. E           |
[   31.087777] cloud-init[637]: |oo.o             |
[   31.087921] cloud-init[637]: |o.o              |
[   31.088100] cloud-init[637]: +----[SHA256]-----+
Starting Snappy daemon...
[[0;32m  OK  [0m] Started Regular background program processing daemon.
[[0;32m  OK  [0m] Started Unattended Upgrades Shutdown.
         Starting Pollinate to seed the pseudo random number generator...
         Starting LSB: automatic crash report generation...
         Starting Accounts Service...
[[0;32m  OK  [0m] Started irqbalance daemon.
         Starting System Logging Service...
         Starting Dispatcher daemon for systemd-networkd...
[[0;32m  OK  [0m] Started D-Bus System Message Bus.
[[0;32m  OK  [0m] Started Login Service.
[[0;32m  OK  [0m] Started FUSE filesystem for LXC.
         Starting Permit User Sessions...
[[0;32m  OK  [0m] Started Deferred execution scheduler.
         Starting LXD - container startup/shutdown...
[[0;32m  OK  [0m] Started System Logging Service.
[[0;32m  OK  [0m] Started Permit User Sessions.
         Starting Terminate Plymouth Boot Screen...
         Starting Hold until boot process finishes up...
[[0;32m  OK  [0m] Started Hold until boot process finishes up.
         Starting Set console scheme...
[[0;32m  OK  [0m] Started Serial Getty on ttyS0.
[[0;32m  OK  [0m] Started Terminate Plymouth Boot Screen.
[[0;32m  OK  [0m] Started LSB: Record successful boot for GRUB.
[[0;32m  OK  [0m] Started Set console scheme.
[[0;32m  OK  [0m] Created slice system-getty.slice.
[[0;32m  OK  [0m] Started Getty on tty1.
[[0;32m  OK  [0m] Reached target Login Prompts.
         Starting Authorization Manager...
[[0;32m  OK  [0m] Started LSB: automatic crash report generation.
[[0;32m  OK  [0m] Started Snappy daemon.
         Starting Wait until snapd is fully seeded...
[[0;32m  OK  [0m] Started Virtualbox guest utils.
[[0;32m  OK  [0m] Started Authorization Manager.
[[0;32m  OK  [0m] Started Accounts Service.
[[0;32m  OK  [0m] Started LXD - container startup/shutdown.
[[0;32m  OK  [0m] Started Dispatcher daemon for systemd-networkd.
[[0;32m  OK  [0m] Started Pollinate to seed the pseudo random number generator.
         Starting OpenBSD Secure Shell server...
[[0;32m  OK  [0m] Started OpenBSD Secure Shell server.
[[0;32m  OK  [0m] Created slice User Slice of vagrant.
         Starting User Manager for UID 1000...
[[0;32m  OK  [0m] Started Session 1 of user vagrant.
[[0;32m  OK  [0m] Started User Manager for UID 1000.
[[0;32m  OK  [0m] Started Wait until snapd is fully seeded.
[[0;32m  OK  [0m] Reached target Multi-User System.
[[0;32m  OK  [0m] Reached target Graphical Interface.
         Starting Update UTMP about System Runlevel Changes...
         Starting Apply the settings specified in cloud-config...
[[0;32m  OK  [0m] Started Update UTMP about System Runlevel Changes.

Ubuntu 18.04.1 LTS ubuntu-bionic ttyS0

ubuntu-bionic login: [   38.606555] cloud-init[1109]: Cloud-init v. 18.3-9-g2e62cb8a-0ubuntu1~18.04.2 running 'modules:config' at Fri, 04 Jan 2019 17:30:29 +0000. Up 37.15 seconds.
ci-info: no authorized ssh keys fingerprints found for user ubuntu.
<14>Jan  4 17:30:32 ec2: 
<14>Jan  4 17:30:32 ec2: #############################################################
<14>Jan  4 17:30:32 ec2: -----BEGIN SSH HOST KEY FINGERPRINTS-----
<14>Jan  4 17:30:32 ec2: 1024 SHA256:1iTaHQFctP20guDR0Zl6i3u9ePFU5F+usB6gUrBOe3c root@ubuntu-bionic (DSA)
<14>Jan  4 17:30:32 ec2: 256 SHA256:FXQCnVvWWvlc2vXIrIz6jHPyOXS5Q26hcItbFpQMRD4 root@ubuntu-bionic (ECDSA)
<14>Jan  4 17:30:32 ec2: 256 SHA256:FlCTUmIxkaIDOOM2Sp4ndYp+Bpck56hGpK9QeFiq9LU root@ubuntu-bionic (ED25519)
<14>Jan  4 17:30:32 ec2: 2048 SHA256:rnNPI4VUMuGlecfp+6Z4lewI6J9+GMkmSsowRSoG8Xg root@ubuntu-bionic (RSA)
<14>Jan  4 17:30:32 ec2: -----END SSH HOST KEY FINGERPRINTS-----
<14>Jan  4 17:30:32 ec2: #############################################################
-----BEGIN SSH HOST KEY KEYS-----
ecdsa-sha2-nistp256 AAAAE2VjZHNhLXNoYTItbmlzdHAyNTYAAAAIbmlzdHAyNTYAAABBBAD6/1VnycwQFUDylVu9kYktb1fvGtsHh3dHADn/Ipi90RA9vNr6yYUOEscLVJAZKadJpWl2nkWAybR5OuJILQc= root@ubuntu-bionic
ssh-ed25519 AAAAC3NzaC1lZDI1NTE5AAAAIO+6CwtUJkOr4qjNbr99NxdKH/rMbTL+f/6JCnfQD2aq root@ubuntu-bionic
ssh-rsa AAAAB3NzaC1yc2EAAAADAQABAAABAQDAYTw3VNQ1oZWJI3MWZ22Fbj9DJV3KzMLGEtzKv+M25Vxd0+QpYLmRmQPZQV7k4xoo6uoDwz3Q4XdoCMwwoQ7HmNpesLe7EtgHgUkC4mMcT9gjmDgh4K9v6J6Dw9N+OJPl9kT+n/XwksqJS2zRCYyQwk405PeOga6+7vM5wYfBnZ/revbUXpuAaa+HO9sIMjFyKCffB5Hi5FNGw9aW2eCLt2txU3UlSG/jRoiYxoK/3Qhec0ntf6F+jip1inzGpas6JZJyut7BLz2P+8W6xC1U3UJyUsaObU8uB9anjvkZf5VtVt2JWuDxTWpw0d74Wn8/zMsHjMTTtkt5KM56mbJD root@ubuntu-bionic
-----END SSH HOST KEY KEYS-----
[   40.236575] cloud-init[1245]: Cloud-init v. 18.3-9-g2e62cb8a-0ubuntu1~18.04.2 running 'modules:final' at Fri, 04 Jan 2019 17:30:32 +0000. Up 39.75 seconds.
[   40.236839] cloud-init[1245]: ci-info: no authorized ssh keys fingerprints found for user ubuntu.
[   40.237020] cloud-init[1245]: Cloud-init v. 18.3-9-g2e62cb8a-0ubuntu1~18.04.2 finished at Fri, 04 Jan 2019 17:30:32 +0000. Datasource DataSourceNoCloud [seed=/dev/sdb][dsmode=net].  Up 40.21 seconds
         Stopping User Manager for UID 1000...
         Stopping Authorization Manager...
[[0;32m  OK  [0m] Closed Load/Save RF Kill Switch Status /dev/rfkill Watch.
         Stopping Session 5 of user vagrant.
[[0;32m  OK  [0m] Stopped target Timers.
[[0;32m  OK  [0m] Stopped Discard unused blocks on         Stopping Serial Getty on ttyS0...
         Stopping Availability of block devices...
         Stopping D-Bus System Message Bus...
[[0;32m  OK  [0m] Stopped Apply the settings specified in cloud-config.
[[0;32m  OK  [0m] Stopped target Cloud-config availability.
[[0;32m  OK  [0m] Stopped Wait until snapd is fully seeded.
         Stopping Snappy daemon...
[[0;32m  OK  [0m] Stopped target Network is Online.
[[0;32m  OK  [0m] Stopped target Host and Network Name Lookups.
         Stopping System Logging Service...
         Stopping irqbalance daemon...
[[0;32m  OK  [0m] Unmounted /var/lib/lxcfs.
[[0;32m  OK  [0m] Stopped Snappy daemon.
[[0;32m  OK  [0m] Stopped Regular background program processing daemon.
[[0;32m  OK  [0m] Stopped Accounts Service.
[[0;32m  OK  [0m] Stopped irqbalance daemon.
[[0;32m  OK  [0m] Stopped System Logging Service.
[[0;32m  OK  [0m] Stopped Dispatcher daemon for systemd-networkd.
[[0;32m  OK  [0m] Stopped Deferred execution scheduler.
[[0;32m  OK  [0m] Stopped Serial Getty on ttyS0.
[[0;32m  OK  [0m] Stopped Getty on tty1.
[[0;32m  OK  [0m] Stopped Authorization Manager.
[[0;32m  OK  [0m] Stopped OpenBSD Secure Shell server.
[[0;32m  OK  [0m] Stopped User Manager for UID 1000.
[[0;32m  OK  [0m] Stopped vboxadd-service.service.
[[0;32m  OK  [0m] Stopped Unattended Upgrades Shutdown.
[[0;32m  OK  [0m] Stopped Availability of block devices.
[[0;32m  OK  [0m] Stopped D-Bus System Message Bus.
[[0;32m  OK  [0m] Stopped FUSE filesystem for LXC.
[[0;32m  OK  [0m] Stopped Session 81 of user vagrant.
[[0;32m  OK  [0m] Stopped Session 5 of user vagrant.
[[0;32m  OK  [0m] Stopped LXD - container startup/shutdown.
         Stopping vboxadd.service...
[[0;32m  OK  [0m] Removed slice User Slice of vagrant.
         Stopping Login Service...
[[0;32m  OK  [0m] Removed slice system-getty.slice.
[[0;32m  OK  [0m] Removed slice system-serial\x2dgetty.slice.
         Stopping Permit User Sessions...
[[0;32m  OK  [0m] Stopped LSB: automatic crash report generation.
[[0;32m  OK  [0m] Stopped Login Service.
[[0;32m  OK  [0m] Stopped LSB: Record successful boot for GRUB.
[[0;32m  OK  [0m] Stopped Permit User Sessions.
[[0;32m  OK  [0m] Stopped target Network.
         Stopping Network Name Resolution...
[[0;32m  OK  [0m] Stopped target User and Group Name Lookups.
[[0;32m  OK  [0m] Stopped target Remote File Systems.
[[0;32m  OK  [0m] Stopped target Remote File Systems (Pre).
[[0;32m  OK  [0m] Unmounted /vagrant.
[[0;32m  OK  [0m] Unmounted /django.
[[0;32m  OK  [0m] Stopped Network Name Resolution.
[[0;32m  OK  [0m] Stopped vboxadd.service.
[[0;32m  OK  [0m] Stopped target Basic System.
[[0;32m  OK  [0m] Stopped target Slices.
[[0;32m  OK  [0m] Removed slice User and Session Slice.
[[0;32m  OK  [0m] Stopped target Paths.
[[0;32m  OK  [0m] Stopped ACPI Events Check.
[[0;32m  OK  [0m] Stopped target Sockets.
[[0;32m  OK  [0m] Closed LXD - unix socket.
[[0;32m  OK  [0m] Closed Syslog Socket.
[[0;32m  OK  [0m] Closed ACPID Listen Socket.
[[0;32m  OK  [0m] Closed Open-iSCSI iscsid Socket.
[[0;32m  OK  [0m] Closed UUID daemon activation socket.
[[0;32m  OK  [0m] Closed D-Bus System Message Bus Socket.
[[0;32m  OK  [0m] Closed Socket activation for snappy daemon.
[[0;32m  OK  [0m] Stopped target System Initialization.
         Stopping Update UTMP about System Boot/Shutdown...
[[0;32m  OK  [0m] Stopped Commit a transient machine-id on disk.
[[0;32m  OK  [0m] Stopped target Local Encrypted Volumes.
[[0;32m  OK  [0m] Stopped Forward Password Requests to Wall Directory Watch.
[[0;32m  OK  [0m] Stopped Dispatch Password Requests to Console Directory Watch.
         Stopping Load/Save Random Seed...
[[0;32m  OK  [0m] Stopped Initial cloud-init job (metadata service crawler).
         Stopping Network Service...
[[0;32m  OK  [0m] Stopped Load/Save Random Seed.
[[0;32m  OK  [0m] Stopped Update UTMP about System Boot/Shutdown.
[[0;32m  OK  [0m] Stopped Network Service.
[[0;32m  OK  [0m] Stopped target Network (Pre).
[[0;32m  OK  [0m] Stopped Initial cloud-init job (pre-networking).
[[0;32m  OK  [0m] Stopped Apply Kernel Variables.
[[0;32m  OK  [0m] Stopped Load Kernel Modules.
[[0;32m  OK  [0m] Stopped Create Volatile Files and Directories.
[[0;32m  OK  [0m] Stopped target Local File Systems.
         Unmounting /run/user/1000...
[[0;32m  OK  [0m] Unmounted /run/user/1000.
[[0;32m  OK  [0m] Reached target Unmount All Filesystems.
[[0;32m  OK  [0m] Stopped target Local File Systems (Pre).
[[0;32m  OK  [0m] Stopped Remount Root and Kernel File Systems.
         Stopping Monitoring of LVM2 mirrors…ng dmeventd or progress polling...
[[0;32m  OK  [0m] Stopped Create Static Device Nodes in /dev.
[[0;32m  OK  [0m] Stopped target Swap.
[[0;32m  OK  [0m] Reached target Shutdown.
[[0;32m  OK  [0m] Reached target Final Step.
         Starting Power-Off...
[[0;32m  OK  [0m] Stopped Monitoring of LVM2 mirrors,…sing dmeventd or progress polling.
         Stopping LVM2 metadata daemon...
[[0;32m  OK  [0m] Stopped LVM2 metadata daemon.
[236316.374829] reboot: Power down
